  stdafx.cpp
  BaseObject.cpp
  BossObject.cpp
C:\Users\Lenovo LOQ\source\repos\GameCpp2\GameCpp2\CommonFunc.h(65,16): warning C4091: 'typedef ': ignored on left of 'GeometricFormat' when no variable is declared
  (compiling source file '/BaseObject.cpp')
  
C:\Users\Lenovo LOQ\source\repos\GameCpp2\GameCpp2\CommonFunc.h(75,16): warning C4091: 'typedef ': ignored on left of 'ColorData' when no variable is declared
  (compiling source file '/BaseObject.cpp')
  
C:\Users\Lenovo LOQ\source\repos\GameCpp2\GameCpp2\CommonFunc.h(65,16): warning C4091: 'typedef ': ignored on left of 'GeometricFormat' when no variable is declared
  (compiling source file '/BossObject.cpp')
  
C:\Users\Lenovo LOQ\source\repos\GameCpp2\GameCpp2\CommonFunc.h(75,16): warning C4091: 'typedef ': ignored on left of 'ColorData' when no variable is declared
  (compiling source file '/BossObject.cpp')
  
C:\Users\Lenovo LOQ\source\repos\GameCpp2\GameCpp2\BossObject.cpp(25,23): warning C4018: '<': signed/unsigned mismatch
  (compiling source file '/BossObject.cpp')
  
C:\Users\Lenovo LOQ\source\repos\GameCpp2\GameCpp2\BossObject.cpp(70,26): warning C4244: '=': conversion from 'float' to 'int', possible loss of data
  (compiling source file '/BossObject.cpp')
  
C:\Users\Lenovo LOQ\source\repos\GameCpp2\GameCpp2\BossObject.cpp(71,26): warning C4244: '=': conversion from 'float' to 'int', possible loss of data
  (compiling source file '/BossObject.cpp')
  
C:\Users\Lenovo LOQ\source\repos\GameCpp2\GameCpp2\BossObject.cpp(95,19): warning C4305: '+=': truncation from 'double' to 'float'
  (compiling source file '/BossObject.cpp')
  
C:\Users\Lenovo LOQ\source\repos\GameCpp2\GameCpp2\BossObject.cpp(156,29): warning C4244: '=': conversion from 'float' to 'int', possible loss of data
  (compiling source file '/BossObject.cpp')
  
C:\Users\Lenovo LOQ\source\repos\GameCpp2\GameCpp2\BossObject.cpp(168,29): warning C4244: '=': conversion from 'float' to 'int', possible loss of data
  (compiling source file '/BossObject.cpp')
  
C:\Users\Lenovo LOQ\source\repos\GameCpp2\GameCpp2\BossObject.cpp(201,28): warning C4244: '=': conversion from 'float' to 'int', possible loss of data
  (compiling source file '/BossObject.cpp')
  
C:\Users\Lenovo LOQ\source\repos\GameCpp2\GameCpp2\BossObject.cpp(202,47): warning C4244: '=': conversion from 'float' to 'int', possible loss of data
  (compiling source file '/BossObject.cpp')
  
C:\Users\Lenovo LOQ\source\repos\GameCpp2\GameCpp2\BossObject.cpp(204,19): warning C4244: '=': conversion from 'float' to 'int', possible loss of data
  (compiling source file '/BossObject.cpp')
  
C:\Users\Lenovo LOQ\source\repos\GameCpp2\GameCpp2\BossObject.cpp(205,36): warning C4244: '=': conversion from 'float' to 'int', possible loss of data
  (compiling source file '/BossObject.cpp')
  
C:\Users\Lenovo LOQ\source\repos\GameCpp2\GameCpp2\BossObject.cpp(218,29): warning C4244: '=': conversion from 'int' to 'float', possible loss of data
  (compiling source file '/BossObject.cpp')
  
C:\Users\Lenovo LOQ\source\repos\GameCpp2\GameCpp2\BossObject.cpp(227,35): warning C4244: '=': conversion from 'int' to 'float', possible loss of data
  (compiling source file '/BossObject.cpp')
  
C:\Users\Lenovo LOQ\source\repos\GameCpp2\GameCpp2\BossObject.cpp(237,19): warning C4244: '=': conversion from 'float' to 'int', possible loss of data
  (compiling source file '/BossObject.cpp')
  
C:\Users\Lenovo LOQ\source\repos\GameCpp2\GameCpp2\BossObject.cpp(238,31): warning C4244: '=': conversion from 'float' to 'int', possible loss of data
  (compiling source file '/BossObject.cpp')
  
C:\Users\Lenovo LOQ\source\repos\GameCpp2\GameCpp2\BossObject.cpp(240,28): warning C4244: '=': conversion from 'float' to 'int', possible loss of data
  (compiling source file '/BossObject.cpp')
  
C:\Users\Lenovo LOQ\source\repos\GameCpp2\GameCpp2\BossObject.cpp(241,44): warning C4244: '=': conversion from 'float' to 'int', possible loss of data
  (compiling source file '/BossObject.cpp')
  
C:\Users\Lenovo LOQ\source\repos\GameCpp2\GameCpp2\BossObject.cpp(250,29): warning C4244: '=': conversion from 'int' to 'float', possible loss of data
  (compiling source file '/BossObject.cpp')
  
C:\Users\Lenovo LOQ\source\repos\GameCpp2\GameCpp2\BossObject.cpp(262,35): warning C4244: '=': conversion from 'int' to 'float', possible loss of data
  (compiling source file '/BossObject.cpp')
  
C:\Users\Lenovo LOQ\source\repos\GameCpp2\GameCpp2\BossObject.cpp(279,46): warning C4244: '=': conversion from 'int' to 'float', possible loss of data
  (compiling source file '/BossObject.cpp')
  
C:\Users\Lenovo LOQ\source\repos\GameCpp2\GameCpp2\BossObject.cpp(313,23): warning C4018: '<': signed/unsigned mismatch
  (compiling source file '/BossObject.cpp')
  
C:\Users\Lenovo LOQ\source\repos\GameCpp2\GameCpp2\BossObject.cpp(389,13): warning C4018: '<': signed/unsigned mismatch
  (compiling source file '/BossObject.cpp')
  
C:\Users\Lenovo LOQ\source\repos\GameCpp2\GameCpp2\BossObject.cpp(402,23): warning C4018: '<': signed/unsigned mismatch
  (compiling source file '/BossObject.cpp')
  
  BulletObject.cpp
C:\Users\Lenovo LOQ\source\repos\GameCpp2\GameCpp2\CommonFunc.h(65,16): warning C4091: 'typedef ': ignored on left of 'GeometricFormat' when no variable is declared
  (compiling source file '/BulletObject.cpp')
  
C:\Users\Lenovo LOQ\source\repos\GameCpp2\GameCpp2\CommonFunc.h(75,16): warning C4091: 'typedef ': ignored on left of 'ColorData' when no variable is declared
  (compiling source file '/BulletObject.cpp')
  
C:\Users\Lenovo LOQ\source\repos\GameCpp2\GameCpp2\BulletObject.cpp(81,24): warning C4244: '+=': conversion from 'double' to 'int', possible loss of data
  (compiling source file '/BulletObject.cpp')
  
C:\Users\Lenovo LOQ\source\repos\GameCpp2\GameCpp2\BulletObject.cpp(102,24): warning C4244: '-=': conversion from 'double' to 'int', possible loss of data
  (compiling source file '/BulletObject.cpp')
  
C:\Users\Lenovo LOQ\source\repos\GameCpp2\GameCpp2\BulletObject.cpp(124,21): warning C4244: '-=': conversion from 'double' to 'int', possible loss of data
  (compiling source file '/BulletObject.cpp')
  
  CommonFunc.cpp
C:\Users\Lenovo LOQ\source\repos\GameCpp2\GameCpp2\CommonFunc.h(65,16): warning C4091: 'typedef ': ignored on left of 'GeometricFormat' when no variable is declared
  (compiling source file '/CommonFunc.cpp')
  
C:\Users\Lenovo LOQ\source\repos\GameCpp2\GameCpp2\CommonFunc.h(75,16): warning C4091: 'typedef ': ignored on left of 'ColorData' when no variable is declared
  (compiling source file '/CommonFunc.cpp')
  
  ExplosionObject.cpp
C:\Users\Lenovo LOQ\source\repos\GameCpp2\GameCpp2\CommonFunc.h(65,16): warning C4091: 'typedef ': ignored on left of 'GeometricFormat' when no variable is declared
  (compiling source file '/ExplosionObject.cpp')
  
C:\Users\Lenovo LOQ\source\repos\GameCpp2\GameCpp2\CommonFunc.h(75,16): warning C4091: 'typedef ': ignored on left of 'ColorData' when no variable is declared
  (compiling source file '/ExplosionObject.cpp')
  
  Geometric.cpp
C:\Users\Lenovo LOQ\source\repos\GameCpp2\GameCpp2\CommonFunc.h(65,16): warning C4091: 'typedef ': ignored on left of 'GeometricFormat' when no variable is declared
  (compiling source file '/Geometric.cpp')
  
C:\Users\Lenovo LOQ\source\repos\GameCpp2\GameCpp2\CommonFunc.h(75,16): warning C4091: 'typedef ': ignored on left of 'ColorData' when no variable is declared
  (compiling source file '/Geometric.cpp')
  
  HeartItem.cpp
C:\Users\Lenovo LOQ\source\repos\GameCpp2\GameCpp2\CommonFunc.h(65,16): warning C4091: 'typedef ': ignored on left of 'GeometricFormat' when no variable is declared
  (compiling source file '/HeartItem.cpp')
  
C:\Users\Lenovo LOQ\source\repos\GameCpp2\GameCpp2\CommonFunc.h(75,16): warning C4091: 'typedef ': ignored on left of 'ColorData' when no variable is declared
  (compiling source file '/HeartItem.cpp')
  
C:\Users\Lenovo LOQ\source\repos\GameCpp2\GameCpp2\HeartItem.cpp(22,26): warning C4244: '=': conversion from 'float' to 'int', possible loss of data
  (compiling source file '/HeartItem.cpp')
  
C:\Users\Lenovo LOQ\source\repos\GameCpp2\GameCpp2\HeartItem.cpp(23,26): warning C4244: '=': conversion from 'float' to 'int', possible loss of data
  (compiling source file '/HeartItem.cpp')
  
  ImpTimer.cpp
C:\Users\Lenovo LOQ\source\repos\GameCpp2\GameCpp2\CommonFunc.h(65,16): warning C4091: 'typedef ': ignored on left of 'GeometricFormat' when no variable is declared
  (compiling source file '/ImpTimer.cpp')
  
C:\Users\Lenovo LOQ\source\repos\GameCpp2\GameCpp2\CommonFunc.h(75,16): warning C4091: 'typedef ': ignored on left of 'ColorData' when no variable is declared
  (compiling source file '/ImpTimer.cpp')
  
  MainObject.cpp
C:\Users\Lenovo LOQ\source\repos\GameCpp2\GameCpp2\CommonFunc.h(65,16): warning C4091: 'typedef ': ignored on left of 'GeometricFormat' when no variable is declared
  (compiling source file '/MainObject.cpp')
  
C:\Users\Lenovo LOQ\source\repos\GameCpp2\GameCpp2\CommonFunc.h(75,16): warning C4091: 'typedef ': ignored on left of 'ColorData' when no variable is declared
  (compiling source file '/MainObject.cpp')
  
C:\Users\Lenovo LOQ\source\repos\GameCpp2\GameCpp2\MainObject.cpp(99,56): warning C4244: 'argument': conversion from 'double' to 'const int', possible loss of data
  (compiling source file '/MainObject.cpp')
  
C:\Users\Lenovo LOQ\source\repos\GameCpp2\GameCpp2\MainObject.cpp(104,76): warning C4244: 'argument': conversion from 'double' to 'const int', possible loss of data
  (compiling source file '/MainObject.cpp')
  
C:\Users\Lenovo LOQ\source\repos\GameCpp2\GameCpp2\MainObject.cpp(135,21): warning C4018: '<': signed/unsigned mismatch
  (compiling source file '/MainObject.cpp')
  
C:\Users\Lenovo LOQ\source\repos\GameCpp2\GameCpp2\MainObject.cpp(163,40): warning C4018: '<': signed/unsigned mismatch
  (compiling source file '/MainObject.cpp')
  
C:\Users\Lenovo LOQ\source\repos\GameCpp2\GameCpp2\MainObject.cpp(259,22): warning C4244: '=': conversion from 'float' to 'int', possible loss of data
  (compiling source file '/MainObject.cpp')
  
C:\Users\Lenovo LOQ\source\repos\GameCpp2\GameCpp2\MainObject.cpp(260,21): warning C4244: '=': conversion from 'float' to 'int', possible loss of data
  (compiling source file '/MainObject.cpp')
  
C:\Users\Lenovo LOQ\source\repos\GameCpp2\GameCpp2\MainObject.cpp(280,15): warning C4305: '+=': truncation from 'double' to 'float'
  (compiling source file '/MainObject.cpp')
  
C:\Users\Lenovo LOQ\source\repos\GameCpp2\GameCpp2\MainObject.cpp(334,27): warning C4244: '=': conversion from 'float' to 'int', possible loss of data
  (compiling source file '/MainObject.cpp')
  
C:\Users\Lenovo LOQ\source\repos\GameCpp2\GameCpp2\MainObject.cpp(346,27): warning C4244: '=': conversion from 'float' to 'int', possible loss of data
  (compiling source file '/MainObject.cpp')
  
C:\Users\Lenovo LOQ\source\repos\GameCpp2\GameCpp2\MainObject.cpp(371,26): warning C4244: '=': conversion from 'float' to 'int', possible loss of data
  (compiling source file '/MainObject.cpp')
  
C:\Users\Lenovo LOQ\source\repos\GameCpp2\GameCpp2\MainObject.cpp(372,45): warning C4244: '=': conversion from 'float' to 'int', possible loss of data
  (compiling source file '/MainObject.cpp')
  
C:\Users\Lenovo LOQ\source\repos\GameCpp2\GameCpp2\MainObject.cpp(374,17): warning C4244: '=': conversion from 'float' to 'int', possible loss of data
  (compiling source file '/MainObject.cpp')
  
C:\Users\Lenovo LOQ\source\repos\GameCpp2\GameCpp2\MainObject.cpp(375,34): warning C4244: '=': conversion from 'float' to 'int', possible loss of data
  (compiling source file '/MainObject.cpp')
  
C:\Users\Lenovo LOQ\source\repos\GameCpp2\GameCpp2\MainObject.cpp(399,31): warning C4244: '=': conversion from 'int' to 'float', possible loss of data
  (compiling source file '/MainObject.cpp')
  
C:\Users\Lenovo LOQ\source\repos\GameCpp2\GameCpp2\MainObject.cpp(419,35): warning C4244: '=': conversion from 'int' to 'float', possible loss of data
  (compiling source file '/MainObject.cpp')
  
C:\Users\Lenovo LOQ\source\repos\GameCpp2\GameCpp2\MainObject.cpp(429,17): warning C4244: '=': conversion from 'float' to 'int', possible loss of data
  (compiling source file '/MainObject.cpp')
  
C:\Users\Lenovo LOQ\source\repos\GameCpp2\GameCpp2\MainObject.cpp(430,29): warning C4244: '=': conversion from 'float' to 'int', possible loss of data
  (compiling source file '/MainObject.cpp')
  
C:\Users\Lenovo LOQ\source\repos\GameCpp2\GameCpp2\MainObject.cpp(432,26): warning C4244: '=': conversion from 'float' to 'int', possible loss of data
  (compiling source file '/MainObject.cpp')
  
C:\Users\Lenovo LOQ\source\repos\GameCpp2\GameCpp2\MainObject.cpp(433,45): warning C4244: '=': conversion from 'float' to 'int', possible loss of data
  (compiling source file '/MainObject.cpp')
  
C:\Users\Lenovo LOQ\source\repos\GameCpp2\GameCpp2\MainObject.cpp(453,31): warning C4244: '=': conversion from 'int' to 'float', possible loss of data
  (compiling source file '/MainObject.cpp')
  
C:\Users\Lenovo LOQ\source\repos\GameCpp2\GameCpp2\MainObject.cpp(482,37): warning C4244: '=': conversion from 'int' to 'float', possible loss of data
  (compiling source file '/MainObject.cpp')
  
C:\Users\Lenovo LOQ\source\repos\GameCpp2\GameCpp2\MainObject.cpp(500,42): warning C4244: '=': conversion from 'int' to 'float', possible loss of data
  (compiling source file '/MainObject.cpp')
  
  PlayerPower.cpp
C:\Users\Lenovo LOQ\source\repos\GameCpp2\GameCpp2\CommonFunc.h(65,16): warning C4091: 'typedef ': ignored on left of 'GeometricFormat' when no variable is declared
  (compiling source file '/PlayerPower.cpp')
  
C:\Users\Lenovo LOQ\source\repos\GameCpp2\GameCpp2\CommonFunc.h(75,16): warning C4091: 'typedef ': ignored on left of 'ColorData' when no variable is declared
  (compiling source file '/PlayerPower.cpp')
  
C:\Users\Lenovo LOQ\source\repos\GameCpp2\GameCpp2\PlayerPower.cpp(23,21): warning C4018: '<': signed/unsigned mismatch
  (compiling source file '/PlayerPower.cpp')
  
  TextObject.cpp
C:\Users\Lenovo LOQ\source\repos\GameCpp2\GameCpp2\CommonFunc.h(65,16): warning C4091: 'typedef ': ignored on left of 'GeometricFormat' when no variable is declared
  (compiling source file '/TextObject.cpp')
  
C:\Users\Lenovo LOQ\source\repos\GameCpp2\GameCpp2\CommonFunc.h(75,16): warning C4091: 'typedef ': ignored on left of 'ColorData' when no variable is declared
  (compiling source file '/TextObject.cpp')
  
  ThreatsObject.cpp
C:\Users\Lenovo LOQ\source\repos\GameCpp2\GameCpp2\CommonFunc.h(65,16): warning C4091: 'typedef ': ignored on left of 'GeometricFormat' when no variable is declared
  (compiling source file '/ThreatsObject.cpp')
  
C:\Users\Lenovo LOQ\source\repos\GameCpp2\GameCpp2\CommonFunc.h(75,16): warning C4091: 'typedef ': ignored on left of 'ColorData' when no variable is declared
  (compiling source file '/ThreatsObject.cpp')
  
C:\Users\Lenovo LOQ\source\repos\GameCpp2\GameCpp2\ThreatsObject.h(30,36): warning C4244: '=': conversion from 'int' to 'float', possible loss of data
  (compiling source file '/ThreatsObject.cpp')
  
C:\Users\Lenovo LOQ\source\repos\GameCpp2\GameCpp2\ThreatsObject.h(31,36): warning C4244: '=': conversion from 'int' to 'float', possible loss of data
  (compiling source file '/ThreatsObject.cpp')
  
C:\Users\Lenovo LOQ\source\repos\GameCpp2\GameCpp2\ThreatsObject.h(33,43): warning C4244: '=': conversion from 'const int' to 'float', possible loss of data
  (compiling source file '/ThreatsObject.cpp')
  
C:\Users\Lenovo LOQ\source\repos\GameCpp2\GameCpp2\ThreatsObject.h(34,43): warning C4244: '=': conversion from 'const int' to 'float', possible loss of data
  (compiling source file '/ThreatsObject.cpp')
  
C:\Users\Lenovo LOQ\source\repos\GameCpp2\GameCpp2\ThreatsObject.h(35,27): warning C4244: 'return': conversion from 'float' to 'int', possible loss of data
  (compiling source file '/ThreatsObject.cpp')
  
C:\Users\Lenovo LOQ\source\repos\GameCpp2\GameCpp2\ThreatsObject.h(36,27): warning C4244: 'return': conversion from 'float' to 'int', possible loss of data
  (compiling source file '/ThreatsObject.cpp')
  
C:\Users\Lenovo LOQ\source\repos\GameCpp2\GameCpp2\ThreatsObject.cpp(32,23): warning C4018: '<': signed/unsigned mismatch
  (compiling source file '/ThreatsObject.cpp')
  
C:\Users\Lenovo LOQ\source\repos\GameCpp2\GameCpp2\ThreatsObject.cpp(60,42): warning C4244: 'argument': conversion from 'float' to 'const int', possible loss of data
  (compiling source file '/ThreatsObject.cpp')
  
C:\Users\Lenovo LOQ\source\repos\GameCpp2\GameCpp2\ThreatsObject.cpp(60,28): warning C4244: 'argument': conversion from 'float' to 'const int', possible loss of data
  (compiling source file '/ThreatsObject.cpp')
  
C:\Users\Lenovo LOQ\source\repos\GameCpp2\GameCpp2\ThreatsObject.cpp(86,23): warning C4018: '<': signed/unsigned mismatch
  (compiling source file '/ThreatsObject.cpp')
  
C:\Users\Lenovo LOQ\source\repos\GameCpp2\GameCpp2\ThreatsObject.cpp(120,38): warning C4018: '<': signed/unsigned mismatch
  (compiling source file '/ThreatsObject.cpp')
  
C:\Users\Lenovo LOQ\source\repos\GameCpp2\GameCpp2\ThreatsObject.cpp(231,23): warning C4805: '==': unsafe mix of type 'int' and type 'bool' in operation
  (compiling source file '/ThreatsObject.cpp')
  
C:\Users\Lenovo LOQ\source\repos\GameCpp2\GameCpp2\ThreatsObject.cpp(261,15): warning C4305: '+=': truncation from 'double' to 'float'
  (compiling source file '/ThreatsObject.cpp')
  
C:\Users\Lenovo LOQ\source\repos\GameCpp2\GameCpp2\ThreatsObject.cpp(306,27): warning C4244: '=': conversion from 'float' to 'int', possible loss of data
  (compiling source file '/ThreatsObject.cpp')
  
C:\Users\Lenovo LOQ\source\repos\GameCpp2\GameCpp2\ThreatsObject.cpp(318,27): warning C4244: '=': conversion from 'float' to 'int', possible loss of data
  (compiling source file '/ThreatsObject.cpp')
  
C:\Users\Lenovo LOQ\source\repos\GameCpp2\GameCpp2\ThreatsObject.cpp(344,26): warning C4244: '=': conversion from 'float' to 'int', possible loss of data
  (compiling source file '/ThreatsObject.cpp')
  
C:\Users\Lenovo LOQ\source\repos\GameCpp2\GameCpp2\ThreatsObject.cpp(345,45): warning C4244: '=': conversion from 'float' to 'int', possible loss of data
  (compiling source file '/ThreatsObject.cpp')
  
C:\Users\Lenovo LOQ\source\repos\GameCpp2\GameCpp2\ThreatsObject.cpp(347,17): warning C4244: '=': conversion from 'float' to 'int', possible loss of data
  (compiling source file '/ThreatsObject.cpp')
  
C:\Users\Lenovo LOQ\source\repos\GameCpp2\GameCpp2\ThreatsObject.cpp(348,34): warning C4244: '=': conversion from 'float' to 'int', possible loss of data
  (compiling source file '/ThreatsObject.cpp')
  
C:\Users\Lenovo LOQ\source\repos\GameCpp2\GameCpp2\ThreatsObject.cpp(361,21): warning C4244: '=': conversion from 'int' to 'float', possible loss of data
  (compiling source file '/ThreatsObject.cpp')
  
C:\Users\Lenovo LOQ\source\repos\GameCpp2\GameCpp2\ThreatsObject.cpp(370,27): warning C4244: '=': conversion from 'int' to 'float', possible loss of data
  (compiling source file '/ThreatsObject.cpp')
  
C:\Users\Lenovo LOQ\source\repos\GameCpp2\GameCpp2\ThreatsObject.cpp(380,17): warning C4244: '=': conversion from 'float' to 'int', possible loss of data
  (compiling source file '/ThreatsObject.cpp')
  
C:\Users\Lenovo LOQ\source\repos\GameCpp2\GameCpp2\ThreatsObject.cpp(381,29): warning C4244: '=': conversion from 'float' to 'int', possible loss of data
  (compiling source file '/ThreatsObject.cpp')
  
C:\Users\Lenovo LOQ\source\repos\GameCpp2\GameCpp2\ThreatsObject.cpp(383,26): warning C4244: '=': conversion from 'float' to 'int', possible loss of data
  (compiling source file '/ThreatsObject.cpp')
  
C:\Users\Lenovo LOQ\source\repos\GameCpp2\GameCpp2\ThreatsObject.cpp(384,42): warning C4244: '=': conversion from 'float' to 'int', possible loss of data
  (compiling source file '/ThreatsObject.cpp')
  
C:\Users\Lenovo LOQ\source\repos\GameCpp2\GameCpp2\ThreatsObject.cpp(393,21): warning C4244: '=': conversion from 'int' to 'float', possible loss of data
  (compiling source file '/ThreatsObject.cpp')
  
C:\Users\Lenovo LOQ\source\repos\GameCpp2\GameCpp2\ThreatsObject.cpp(405,27): warning C4244: '=': conversion from 'int' to 'float', possible loss of data
  (compiling source file '/ThreatsObject.cpp')
  
C:\Users\Lenovo LOQ\source\repos\GameCpp2\GameCpp2\ThreatsObject.cpp(422,42): warning C4244: '=': conversion from 'int' to 'float', possible loss of data
  (compiling source file '/ThreatsObject.cpp')
  
C:\Users\Lenovo LOQ\source\repos\GameCpp2\GameCpp2\ThreatsObject.cpp(435,24): warning C4244: '=': conversion from 'float' to 'int', possible loss of data
  (compiling source file '/ThreatsObject.cpp')
  
C:\Users\Lenovo LOQ\source\repos\GameCpp2\GameCpp2\ThreatsObject.cpp(436,23): warning C4244: '=': conversion from 'float' to 'int', possible loss of data
  (compiling source file '/ThreatsObject.cpp')
  
  game_map.cpp
C:\Users\Lenovo LOQ\source\repos\GameCpp2\GameCpp2\CommonFunc.h(65,16): warning C4091: 'typedef ': ignored on left of 'GeometricFormat' when no variable is declared
  (compiling source file '/game_map.cpp')
  
C:\Users\Lenovo LOQ\source\repos\GameCpp2\GameCpp2\CommonFunc.h(75,16): warning C4091: 'typedef ': ignored on left of 'ColorData' when no variable is declared
  (compiling source file '/game_map.cpp')
  
  main.cpp
C:\Users\Lenovo LOQ\source\repos\GameCpp2\GameCpp2\CommonFunc.h(65,16): warning C4091: 'typedef ': ignored on left of 'GeometricFormat' when no variable is declared
  (compiling source file '/main.cpp')
  
C:\Users\Lenovo LOQ\source\repos\GameCpp2\GameCpp2\CommonFunc.h(75,16): warning C4091: 'typedef ': ignored on left of 'ColorData' when no variable is declared
  (compiling source file '/main.cpp')
  
C:\Users\Lenovo LOQ\source\repos\GameCpp2\GameCpp2\ThreatsObject.h(17,9): warning C4005: 'PLAYER_SPEED': macro redefinition
  (compiling source file '/main.cpp')
      C:\Users\Lenovo LOQ\source\repos\GameCpp2\GameCpp2\MainObject.h(13,9):
      see previous definition of 'PLAYER_SPEED'
  
C:\Users\Lenovo LOQ\source\repos\GameCpp2\GameCpp2\ThreatsObject.h(30,36): warning C4244: '=': conversion from 'int' to 'float', possible loss of data
  (compiling source file '/main.cpp')
  
C:\Users\Lenovo LOQ\source\repos\GameCpp2\GameCpp2\ThreatsObject.h(31,36): warning C4244: '=': conversion from 'int' to 'float', possible loss of data
  (compiling source file '/main.cpp')
  
C:\Users\Lenovo LOQ\source\repos\GameCpp2\GameCpp2\ThreatsObject.h(33,43): warning C4244: '=': conversion from 'const int' to 'float', possible loss of data
  (compiling source file '/main.cpp')
  
C:\Users\Lenovo LOQ\source\repos\GameCpp2\GameCpp2\ThreatsObject.h(34,43): warning C4244: '=': conversion from 'const int' to 'float', possible loss of data
  (compiling source file '/main.cpp')
  
C:\Users\Lenovo LOQ\source\repos\GameCpp2\GameCpp2\ThreatsObject.h(35,27): warning C4244: 'return': conversion from 'float' to 'int', possible loss of data
  (compiling source file '/main.cpp')
  
C:\Users\Lenovo LOQ\source\repos\GameCpp2\GameCpp2\ThreatsObject.h(36,27): warning C4244: 'return': conversion from 'float' to 'int', possible loss of data
  (compiling source file '/main.cpp')
  
C:\Users\Lenovo LOQ\source\repos\GameCpp2\GameCpp2\BossObject.h(12,9): warning C4005: 'PLAYER_HIGHT_VAL': macro redefinition
  (compiling source file '/main.cpp')
      C:\Users\Lenovo LOQ\source\repos\GameCpp2\GameCpp2\MainObject.h(14,9):
      see previous definition of 'PLAYER_HIGHT_VAL'
  
C:\Users\Lenovo LOQ\source\repos\GameCpp2\GameCpp2\main.cpp(453,48): warning C4244: 'argument': conversion from 'double' to 'const int', possible loss of data
  (compiling source file '/main.cpp')
  
C:\Users\Lenovo LOQ\source\repos\GameCpp2\GameCpp2\main.cpp(461,22): warning C4244: 'initializing': conversion from 'double' to 'int', possible loss of data
  (compiling source file '/main.cpp')
  
C:\Users\Lenovo LOQ\source\repos\GameCpp2\GameCpp2\main.cpp(462,29): warning C4244: 'argument': conversion from 'int' to 'const float', possible loss of data
  (compiling source file '/main.cpp')
  
C:\Users\Lenovo LOQ\source\repos\GameCpp2\GameCpp2\main.cpp(478,40): warning C4244: 'argument': conversion from 'int' to 'const float', possible loss of data
  (compiling source file '/main.cpp')
  
C:\Users\Lenovo LOQ\source\repos\GameCpp2\GameCpp2\main.cpp(565,31): warning C4018: '<': signed/unsigned mismatch
  (compiling source file '/main.cpp')
  
C:\Users\Lenovo LOQ\source\repos\GameCpp2\GameCpp2\main.cpp(602,31): warning C4018: '<': signed/unsigned mismatch
  (compiling source file '/main.cpp')
  
C:\Users\Lenovo LOQ\source\repos\GameCpp2\GameCpp2\main.cpp(617,41): warning C4018: '<': signed/unsigned mismatch
  (compiling source file '/main.cpp')
  
C:\Users\Lenovo LOQ\source\repos\GameCpp2\GameCpp2\main.cpp(646,39): warning C4244: 'initializing': conversion from 'double' to 'int', possible loss of data
  (compiling source file '/main.cpp')
  
C:\Users\Lenovo LOQ\source\repos\GameCpp2\GameCpp2\main.cpp(647,39): warning C4244: 'initializing': conversion from 'double' to 'int', possible loss of data
  (compiling source file '/main.cpp')
  
C:\Users\Lenovo LOQ\source\repos\GameCpp2\GameCpp2\main.cpp(688,33): warning C4018: '<': signed/unsigned mismatch
  (compiling source file '/main.cpp')
  
C:\Users\Lenovo LOQ\source\repos\GameCpp2\GameCpp2\main.cpp(694,39): warning C4018: '<': signed/unsigned mismatch
  (compiling source file '/main.cpp')
  
C:\Users\Lenovo LOQ\source\repos\GameCpp2\GameCpp2\main.cpp(711,47): warning C4244: 'initializing': conversion from 'double' to 'int', possible loss of data
  (compiling source file '/main.cpp')
  
C:\Users\Lenovo LOQ\source\repos\GameCpp2\GameCpp2\main.cpp(712,47): warning C4244: 'initializing': conversion from 'double' to 'int', possible loss of data
  (compiling source file '/main.cpp')
  
C:\Users\Lenovo LOQ\source\repos\GameCpp2\GameCpp2\main.cpp(749,43): warning C4244: 'initializing': conversion from 'double' to 'int', possible loss of data
  (compiling source file '/main.cpp')
  
C:\Users\Lenovo LOQ\source\repos\GameCpp2\GameCpp2\main.cpp(750,43): warning C4244: 'initializing': conversion from 'double' to 'int', possible loss of data
  (compiling source file '/main.cpp')
  
C:\Users\Lenovo LOQ\source\repos\GameCpp2\GameCpp2\main.cpp(821,63): warning C4244: 'argument': conversion from 'double' to 'int', possible loss of data
  (compiling source file '/main.cpp')
  
C:\Users\Lenovo LOQ\source\repos\GameCpp2\GameCpp2\main.cpp(847,65): warning C4244: 'argument': conversion from 'double' to 'int', possible loss of data
  (compiling source file '/main.cpp')
  
C:\Users\Lenovo LOQ\source\repos\GameCpp2\GameCpp2\main.cpp(877,37): warning C4018: '<': signed/unsigned mismatch
  (compiling source file '/main.cpp')
  
C:\Users\Lenovo LOQ\source\repos\GameCpp2\GameCpp2\main.cpp(889,43): warning C4244: 'initializing': conversion from 'double' to 'int', possible loss of data
  (compiling source file '/main.cpp')
  
C:\Users\Lenovo LOQ\source\repos\GameCpp2\GameCpp2\main.cpp(890,43): warning C4244: 'initializing': conversion from 'double' to 'int', possible loss of data
  (compiling source file '/main.cpp')
  
C:\Users\Lenovo LOQ\source\repos\GameCpp2\GameCpp2\main.cpp(935,39): warning C4244: 'initializing': conversion from 'double' to 'int', possible loss of data
  (compiling source file '/main.cpp')
  
C:\Users\Lenovo LOQ\source\repos\GameCpp2\GameCpp2\main.cpp(936,39): warning C4244: 'initializing': conversion from 'double' to 'int', possible loss of data
  (compiling source file '/main.cpp')
  
C:\Users\Lenovo LOQ\source\repos\GameCpp2\GameCpp2\main.cpp(992,27): warning C4018: '<': signed/unsigned mismatch
  (compiling source file '/main.cpp')
  
C:\Users\Lenovo LOQ\source\repos\GameCpp2\GameCpp2\main.cpp(1004,27): warning C4018: '<': signed/unsigned mismatch
  (compiling source file '/main.cpp')
  
  Generating Code...
  GameCpp2.vcxproj -> C:\Users\Lenovo LOQ\source\repos\GameCpp2\Debug\GameCpp2.exe
